  [1m[35m (331.5ms)[0m  [1m[35mCREATE DATABASE "first_routes_and_controllers_development" ENCODING = 'unicode'[0m
  ↳ bin/rails:9
  [1m[35m (255.6ms)[0m  [1m[35mCREATE DATABASE "first_routes_and_controllers_test" ENCODING = 'unicode'[0m
  ↳ bin/rails:9
Started PATCH "/users/1?potato=yum" for ::1 at 2020-04-22 15:33:19 -0400
Processing by UsersController#update as */*
  Parameters: {"user"=>{"name"=>"Jae-Son", "email"=>"js@gmail.com"}, "potato"=>"yum", "id"=>"1"}
Completed 500 Internal Server Error in 9ms (ActiveRecord: 0.0ms)



NameError - uninitialized constant UsersController::User:
  app/controllers/users_controller.rb:27:in `update'

Started PATCH "/users/1?potato=yum" for ::1 at 2020-04-22 15:34:19 -0400
Processing by UsersController#update as */*
  Parameters: {"user"=>{"name"=>"Jae-Son", "email"=>"js@gmail.com"}, "potato"=>"yum", "id"=>"1"}
Started GET "/" for ::1 at 2020-04-22 15:38:24 -0400
Processing by Rails::WelcomeController#index as HTML
  Rendering /home/jae-son/.rbenv/versions/2.5.1/lib/ruby/gems/2.5.0/gems/railties-5.2.4.2/lib/rails/templates/rails/welcome/index.html.erb
  Rendered /home/jae-son/.rbenv/versions/2.5.1/lib/ruby/gems/2.5.0/gems/railties-5.2.4.2/lib/rails/templates/rails/welcome/index.html.erb (4.5ms)
Completed 200 OK in 17ms (Views: 9.3ms | ActiveRecord: 0.0ms)


Started GET "/users" for ::1 at 2020-04-22 15:42:40 -0400
Processing by UsersController#index as */*
Completed 500 Internal Server Error in 8ms (ActiveRecord: 0.0ms)



NameError - uninitialized constant UsersController::User:
  app/controllers/users_controller.rb:6:in `index'

Started GET "/users" for ::1 at 2020-04-22 15:45:13 -0400

AbstractController::ActionNotFound - The action 'index' could not be found for UsersController:

Started GET "/users" for ::1 at 2020-04-22 15:45:43 -0400

AbstractController::ActionNotFound - The action 'index' could not be found for UsersController:

Started POST "/__better_errors/acebce3ecc7f6f04/variables" for ::1 at 2020-04-22 15:45:43 -0400
Started GET "/users" for ::1 at 2020-04-22 16:02:34 -0400
Processing by UsersController#index as HTML
Completed 406 Not Acceptable in 22ms (ActiveRecord: 0.0ms)



ActionController::UnknownFormat - UsersController#index is missing a template for this request format and variant.

request.formats: ["text/html"]
request.variant: []

NOTE! For XHR/Ajax or API requests, this action would normally respond with 204 No Content: an empty white screen. Since you're loading it in a web browser, we assume that you expected to actually render a template, not nothing, so we're showing an error to be extra-clear. If you expect 204 No Content, carry on. That's what you'll get from an XHR or API request. Give it a shot.:

Started POST "/__better_errors/8a98bf9fee9b85c0/variables" for ::1 at 2020-04-22 16:02:35 -0400
Started GET "/users" for ::1 at 2020-04-22 16:04:08 -0400
Processing by UsersController#index as HTML
Completed 406 Not Acceptable in 23ms (ActiveRecord: 0.0ms)



ActionController::UnknownFormat - UsersController#index is missing a template for this request format and variant.

request.formats: ["text/html"]
request.variant: []

NOTE! For XHR/Ajax or API requests, this action would normally respond with 204 No Content: an empty white screen. Since you're loading it in a web browser, we assume that you expected to actually render a template, not nothing, so we're showing an error to be extra-clear. If you expect 204 No Content, carry on. That's what you'll get from an XHR or API request. Give it a shot.:

Started POST "/__better_errors/1129856b93309af2/variables" for ::1 at 2020-04-22 16:04:08 -0400
Started GET "/users" for ::1 at 2020-04-22 16:05:44 -0400
Processing by UsersController#index as */*
No template found for UsersController#index, rendering head :no_content
Completed 204 No Content in 36ms (ActiveRecord: 0.0ms)


Started GET "/users" for ::1 at 2020-04-22 16:05:49 -0400
Processing by UsersController#index as */*
No template found for UsersController#index, rendering head :no_content
Completed 204 No Content in 26ms (ActiveRecord: 0.0ms)


Started GET "/users" for ::1 at 2020-04-22 16:05:56 -0400
Processing by UsersController#index as */*
No template found for UsersController#index, rendering head :no_content
Completed 204 No Content in 32ms (ActiveRecord: 0.0ms)


Started GET "/users" for ::1 at 2020-04-22 16:07:10 -0400
Processing by UsersController#index as */*
  Rendering text template
  Rendered text template (0.1ms)
Completed 200 OK in 7ms (Views: 5.7ms | ActiveRecord: 0.0ms)


Started GET "/users?potato=yum" for ::1 at 2020-04-22 16:09:09 -0400
Processing by UsersController#index as */*
  Parameters: {"potato"=>"yum"}
  Rendering text template
  Rendered text template (0.0ms)
Completed 200 OK in 1ms (Views: 0.7ms | ActiveRecord: 0.0ms)


Started POST "/users?potato=yum" for ::1 at 2020-04-22 16:11:38 -0400
Processing by UsersController#create as */*
  Parameters: {"user"=>{"name"=>"Jae-Son", "email"=>"js@gmail.com"}, "potato"=>"yum"}
Completed 500 Internal Server Error in 16ms (ActiveRecord: 0.0ms)



NameError - uninitialized constant UsersController::User:
  app/controllers/users_controller.rb:18:in `create'

Started POST "/users?potato=yum" for ::1 at 2020-04-22 16:13:03 -0400
Processing by UsersController#create as */*
  Parameters: {"user"=>{"name"=>"Jae-Son", "email"=>"js@gmail.com"}, "potato"=>"yum"}
Completed 200 OK in 1ms (Views: 0.4ms | ActiveRecord: 0.0ms)


Started POST "/users?potato=yum" for ::1 at 2020-04-22 16:14:07 -0400
Processing by UsersController#create as */*
  Parameters: {"user"=>{"name"=>"Jae-Son"}, "users"=>{"email"=>"js@gmail.com"}, "potato"=>"yum"}
Completed 200 OK in 1ms (Views: 0.4ms | ActiveRecord: 0.0ms)


Started POST "/users?potato=yum" for ::1 at 2020-04-22 16:14:18 -0400
Processing by UsersController#create as */*
  Parameters: {"user"=>{"name"=>"Jae-Son", "email"=>"js@gmail.com"}, "potato"=>"yum"}
Completed 200 OK in 1ms (Views: 0.3ms | ActiveRecord: 0.0ms)


Started GET "/users/2" for ::1 at 2020-04-22 16:15:51 -0400
Processing by UsersController#show as */*
  Parameters: {"id"=>"2"}
Completed 500 Internal Server Error in 8ms (ActiveRecord: 0.0ms)



NameError - uninitialized constant UsersController::User:
  app/controllers/users_controller.rb:12:in `show'

Started GET "/users/2" for ::1 at 2020-04-22 16:16:46 -0400
Processing by UsersController#show as */*
  Parameters: {"id"=>"2"}
Completed 500 Internal Server Error in 6ms (Views: 0.3ms | ActiveRecord: 0.0ms)



NameError - uninitialized constant UsersController::User:
  app/controllers/users_controller.rb:14:in `show'

Started GET "/users/2" for ::1 at 2020-04-22 16:16:51 -0400
Processing by UsersController#show as */*
  Parameters: {"id"=>"2"}
Completed 200 OK in 2ms (Views: 0.9ms | ActiveRecord: 0.0ms)


Started GET "/users" for ::1 at 2020-04-22 16:19:04 -0400
Processing by UsersController#index as HTML
Completed 406 Not Acceptable in 25ms (ActiveRecord: 0.0ms)



ActionController::UnknownFormat - UsersController#index is missing a template for this request format and variant.

request.formats: ["text/html"]
request.variant: []

NOTE! For XHR/Ajax or API requests, this action would normally respond with 204 No Content: an empty white screen. Since you're loading it in a web browser, we assume that you expected to actually render a template, not nothing, so we're showing an error to be extra-clear. If you expect 204 No Content, carry on. That's what you'll get from an XHR or API request. Give it a shot.:

Started POST "/__better_errors/cfa57598101c7c50/variables" for ::1 at 2020-04-22 16:19:04 -0400
Started GET "/users" for ::1 at 2020-04-22 16:19:38 -0400
Processing by UsersController#index as HTML
Completed 406 Not Acceptable in 23ms (ActiveRecord: 0.0ms)



ActionController::UnknownFormat - UsersController#index is missing a template for this request format and variant.

request.formats: ["text/html"]
request.variant: []

NOTE! For XHR/Ajax or API requests, this action would normally respond with 204 No Content: an empty white screen. Since you're loading it in a web browser, we assume that you expected to actually render a template, not nothing, so we're showing an error to be extra-clear. If you expect 204 No Content, carry on. That's what you'll get from an XHR or API request. Give it a shot.:

Started POST "/__better_errors/55a6d480f7d3a9fb/variables" for ::1 at 2020-04-22 16:19:39 -0400
Started GET "/users" for ::1 at 2020-04-22 16:20:08 -0400
Processing by UsersController#index as */*
No template found for UsersController#index, rendering head :no_content
Completed 204 No Content in 29ms (ActiveRecord: 0.0ms)


  [1m[35m (42.1ms)[0m  [1m[35mCREATE TABLE "schema_migrations" ("version" character varying NOT NULL PRIMARY KEY)[0m
  ↳ bin/rails:9
  [1m[35m (10.2ms)[0m  [1m[35mCREATE TABLE "ar_internal_metadata" ("key" character varying NOT NULL PRIMARY KEY, "value" character varying, "created_at" timestamp NOT NULL, "updated_at" timestamp NOT NULL)[0m
  ↳ bin/rails:9
  [1m[35m (0.4ms)[0m  [1m[34mSELECT pg_try_advisory_lock(2711202859307440470)[0m
  ↳ bin/rails:9
  [1m[35m (1.2ms)[0m  [1m[34mSELECT "schema_migrations"."version" FROM "schema_migrations" ORDER BY "schema_migrations"."version" ASC[0m
  ↳ bin/rails:9
Migrating to CreateUsers (20200422202420)
  [1m[35m (0.2ms)[0m  [1m[35mBEGIN[0m
  ↳ bin/rails:9
  [1m[35m (13.4ms)[0m  [1m[35mCREATE TABLE "users" ("id" bigserial primary key, "name" character varying NOT NULL, "email" character varying NOT NULL, "created_at" timestamp NOT NULL, "updated_at" timestamp NOT NULL)[0m
  ↳ db/migrate/20200422202420_create_users.rb:3
  [1m[36mActiveRecord::SchemaMigration Create (0.6ms)[0m  [1m[32mINSERT INTO "schema_migrations" ("version") VALUES ($1) RETURNING "version"[0m  [["version", "20200422202420"]]
  ↳ bin/rails:9
  [1m[35m (4.3ms)[0m  [1m[35mCOMMIT[0m
  ↳ bin/rails:9
  [1m[36mActiveRecord::InternalMetadata Load (0.5ms)[0m  [1m[34mSELECT  "ar_internal_metadata".* FROM "ar_internal_metadata" WHERE "ar_internal_metadata"."key" = $1 LIMIT $2[0m  [["key", "environment"], ["LIMIT", 1]]
  ↳ bin/rails:9
  [1m[35m (0.3ms)[0m  [1m[35mBEGIN[0m
  ↳ bin/rails:9
  [1m[36mActiveRecord::InternalMetadata Create (0.6ms)[0m  [1m[32mINSERT INTO "ar_internal_metadata" ("key", "value", "created_at", "updated_at") VALUES ($1, $2, $3, $4) RETURNING "key"[0m  [["key", "environment"], ["value", "development"], ["created_at", "2020-04-22 20:25:26.651973"], ["updated_at", "2020-04-22 20:25:26.651973"]]
  ↳ bin/rails:9
  [1m[35m (1.7ms)[0m  [1m[35mCOMMIT[0m
  ↳ bin/rails:9
  [1m[35m (0.4ms)[0m  [1m[34mSELECT pg_advisory_unlock(2711202859307440470)[0m
  ↳ bin/rails:9
  [1m[35m (0.4ms)[0m  [1m[34mSELECT "schema_migrations"."version" FROM "schema_migrations" ORDER BY "schema_migrations"."version" ASC[0m
  ↳ bin/rails:9
Started POST "/users" for ::1 at 2020-04-22 16:28:50 -0400
  [1m[35m (0.5ms)[0m  [1m[34mSELECT "schema_migrations"."version" FROM "schema_migrations" ORDER BY "schema_migrations"."version" ASC[0m
  ↳ /home/jae-son/.rbenv/versions/2.5.1/lib/ruby/gems/2.5.0/gems/activerecord-5.2.4.2/lib/active_record/log_subscriber.rb:98
Processing by UsersController#create as */*
  Parameters: {"user"=>{"name"=>"Jae-Son", "email"=>"js@gmail.com"}}
  [1m[35m (0.2ms)[0m  [1m[35mBEGIN[0m
  ↳ app/controllers/users_controller.rb:24
  [1m[36mUser Create (2.0ms)[0m  [1m[32mINSERT INTO "users" ("name", "email", "created_at", "updated_at") VALUES ($1, $2, $3, $4) RETURNING "id"[0m  [["name", "Jae-Son"], ["email", "js@gmail.com"], ["created_at", "2020-04-22 20:29:05.968342"], ["updated_at", "2020-04-22 20:29:05.968342"]]
  ↳ app/controllers/users_controller.rb:24
  [1m[35m (1.9ms)[0m  [1m[35mCOMMIT[0m
  ↳ app/controllers/users_controller.rb:24
Completed 200 OK in 15739ms (Views: 0.9ms | ActiveRecord: 12.5ms)


Started GET "/users" for ::1 at 2020-04-22 16:29:42 -0400
Processing by UsersController#index as */*
  [1m[36mUser Load (0.6ms)[0m  [1m[34mSELECT "users".* FROM "users"[0m
  ↳ app/controllers/users_controller.rb:8
Completed 200 OK in 17ms (Views: 15.1ms | ActiveRecord: 0.6ms)


Started GET "/users/1" for ::1 at 2020-04-22 16:29:50 -0400
Processing by UsersController#show as */*
  Parameters: {"id"=>"1"}
  [1m[36mUser Load (1.1ms)[0m  [1m[34mSELECT  "users".* FROM "users" WHERE "users"."id" = $1 LIMIT $2[0m  [["id", 1], ["LIMIT", 1]]
  ↳ app/controllers/users_controller.rb:14
Completed 200 OK in 14ms (Views: 1.3ms | ActiveRecord: 1.6ms)


Started DELETE "/users/1" for ::1 at 2020-04-22 16:30:02 -0400
Processing by UsersController#destroy as */*
  Parameters: {"user"=>{"name"=>"Jae-Son", "email"=>"js@gmail.com"}, "id"=>"1"}
  [1m[36mUser Load (0.5ms)[0m  [1m[34mSELECT  "users".* FROM "users" WHERE "users"."id" = $1 LIMIT $2[0m  [["id", 1], ["LIMIT", 1]]
  ↳ app/controllers/users_controller.rb:47
  [1m[35m (0.2ms)[0m  [1m[35mBEGIN[0m
  ↳ app/controllers/users_controller.rb:48
  [1m[36mUser Destroy (0.6ms)[0m  [1m[31mDELETE FROM "users" WHERE "users"."id" = $1[0m  [["id", 1]]
  ↳ app/controllers/users_controller.rb:48
  [1m[35m (3.7ms)[0m  [1m[35mCOMMIT[0m
  ↳ app/controllers/users_controller.rb:48
Redirected to http://localhost:3000/users
Completed 302 Found in 10ms (ActiveRecord: 5.0ms)


Started DELETE "/users" for ::1 at 2020-04-22 16:30:02 -0400
  
ActionController::RoutingError (No route matches [DELETE] "/users"):
  
actionpack (5.2.4.2) lib/action_dispatch/middleware/debug_exceptions.rb:65:in `call'
web-console (3.7.0) lib/web_console/middleware.rb:135:in `call_app'
web-console (3.7.0) lib/web_console/middleware.rb:30:in `block in call'
web-console (3.7.0) lib/web_console/middleware.rb:20:in `catch'
web-console (3.7.0) lib/web_console/middleware.rb:20:in `call'
actionpack (5.2.4.2) lib/action_dispatch/middleware/show_exceptions.rb:33:in `call'
railties (5.2.4.2) lib/rails/rack/logger.rb:38:in `call_app'
railties (5.2.4.2) lib/rails/rack/logger.rb:26:in `block in call'
activesupport (5.2.4.2) lib/active_support/tagged_logging.rb:71:in `block in tagged'
activesupport (5.2.4.2) lib/active_support/tagged_logging.rb:28:in `tagged'
activesupport (5.2.4.2) lib/active_support/tagged_logging.rb:71:in `tagged'
railties (5.2.4.2) lib/rails/rack/logger.rb:26:in `call'
sprockets-rails (3.2.1) lib/sprockets/rails/quiet_assets.rb:13:in `call'
actionpack (5.2.4.2) lib/action_dispatch/middleware/remote_ip.rb:81:in `call'
actionpack (5.2.4.2) lib/action_dispatch/middleware/request_id.rb:27:in `call'
rack (2.2.2) lib/rack/method_override.rb:24:in `call'
rack (2.2.2) lib/rack/runtime.rb:22:in `call'
activesupport (5.2.4.2) lib/active_support/cache/strategy/local_cache_middleware.rb:29:in `call'
actionpack (5.2.4.2) lib/action_dispatch/middleware/executor.rb:14:in `call'
actionpack (5.2.4.2) lib/action_dispatch/middleware/static.rb:127:in `call'
rack (2.2.2) lib/rack/sendfile.rb:110:in `call'
railties (5.2.4.2) lib/rails/engine.rb:524:in `call'
puma (3.12.4) lib/puma/configuration.rb:227:in `call'
puma (3.12.4) lib/puma/server.rb:675:in `handle_request'
puma (3.12.4) lib/puma/server.rb:476:in `process_client'
puma (3.12.4) lib/puma/server.rb:334:in `block in run'
puma (3.12.4) lib/puma/thread_pool.rb:135:in `block in spawn_thread'
Started GET "/users/1" for ::1 at 2020-04-22 16:30:13 -0400
Processing by UsersController#show as */*
  Parameters: {"id"=>"1"}
  [1m[36mUser Load (0.3ms)[0m  [1m[34mSELECT  "users".* FROM "users" WHERE "users"."id" = $1 LIMIT $2[0m  [["id", 1], ["LIMIT", 1]]
  ↳ app/controllers/users_controller.rb:14
Completed 404 Not Found in 2ms (ActiveRecord: 0.3ms)



ActiveRecord::RecordNotFound - Couldn't find User with 'id'=1:
  app/controllers/users_controller.rb:14:in `show'

Started GET "/users/" for ::1 at 2020-04-22 16:30:39 -0400
Processing by UsersController#index as */*
  [1m[36mUser Load (0.5ms)[0m  [1m[34mSELECT "users".* FROM "users"[0m
  ↳ app/controllers/users_controller.rb:8
Completed 200 OK in 3ms (Views: 1.5ms | ActiveRecord: 0.5ms)


Started GET "/users" for ::1 at 2020-04-22 16:30:44 -0400
Processing by UsersController#index as */*
  [1m[36mUser Load (0.4ms)[0m  [1m[34mSELECT "users".* FROM "users"[0m
  ↳ app/controllers/users_controller.rb:8
Completed 200 OK in 2ms (Views: 1.5ms | ActiveRecord: 0.4ms)


Started POST "/users" for ::1 at 2020-04-22 16:31:09 -0400
Processing by UsersController#create as */*
  Parameters: {"user"=>{"name"=>"Jae-Son", "email"=>"js@gmail.com"}}
  [1m[35m (0.5ms)[0m  [1m[35mBEGIN[0m
  ↳ app/controllers/users_controller.rb:24
  [1m[36mUser Create (0.6ms)[0m  [1m[32mINSERT INTO "users" ("name", "email", "created_at", "updated_at") VALUES ($1, $2, $3, $4) RETURNING "id"[0m  [["name", "Jae-Son"], ["email", "js@gmail.com"], ["created_at", "2020-04-22 20:31:17.345313"], ["updated_at", "2020-04-22 20:31:17.345313"]]
  ↳ app/controllers/users_controller.rb:24
  [1m[35m (1.7ms)[0m  [1m[35mCOMMIT[0m
  ↳ app/controllers/users_controller.rb:24
Completed 200 OK in 7931ms (Views: 0.6ms | ActiveRecord: 2.8ms)


Started POST "/users" for ::1 at 2020-04-22 16:31:36 -0400
Processing by UsersController#create as */*
  Parameters: {"user"=>{"name"=>"Colton", "email"=>"cw@gmail.com"}}
  [1m[35m (0.2ms)[0m  [1m[35mBEGIN[0m
  ↳ app/controllers/users_controller.rb:24
  [1m[36mUser Create (0.6ms)[0m  [1m[32mINSERT INTO "users" ("name", "email", "created_at", "updated_at") VALUES ($1, $2, $3, $4) RETURNING "id"[0m  [["name", "Colton"], ["email", "cw@gmail.com"], ["created_at", "2020-04-22 20:31:38.684092"], ["updated_at", "2020-04-22 20:31:38.684092"]]
  ↳ app/controllers/users_controller.rb:24
  [1m[35m (3.0ms)[0m  [1m[35mCOMMIT[0m
  ↳ app/controllers/users_controller.rb:24
Completed 200 OK in 1862ms (Views: 1.1ms | ActiveRecord: 3.8ms)


Started GET "/users" for ::1 at 2020-04-22 16:31:45 -0400
Processing by UsersController#index as */*
  [1m[36mUser Load (0.6ms)[0m  [1m[34mSELECT "users".* FROM "users"[0m
  ↳ app/controllers/users_controller.rb:8
Completed 200 OK in 4ms (Views: 2.6ms | ActiveRecord: 0.6ms)


Started GET "/users" for ::1 at 2020-04-22 16:32:23 -0400
Processing by UsersController#index as HTML
  [1m[36mUser Load (2.4ms)[0m  [1m[34mSELECT "users".* FROM "users"[0m
  ↳ app/controllers/users_controller.rb:8
Completed 200 OK in 9ms (Views: 5.7ms | ActiveRecord: 2.4ms)


Started DELETE "/users/2" for ::1 at 2020-04-22 16:33:52 -0400
Processing by UsersController#destroy as */*
  Parameters: {"id"=>"2"}
  [1m[36mUser Load (1.1ms)[0m  [1m[34mSELECT  "users".* FROM "users" WHERE "users"."id" = $1 LIMIT $2[0m  [["id", 2], ["LIMIT", 1]]
  ↳ app/controllers/users_controller.rb:47
  [1m[35m (0.3ms)[0m  [1m[35mBEGIN[0m
  ↳ app/controllers/users_controller.rb:48
  [1m[36mUser Destroy (0.5ms)[0m  [1m[31mDELETE FROM "users" WHERE "users"."id" = $1[0m  [["id", 2]]
  ↳ app/controllers/users_controller.rb:48
  [1m[35m (2.7ms)[0m  [1m[35mCOMMIT[0m
  ↳ app/controllers/users_controller.rb:48
Redirected to http://localhost:3000/users
Completed 302 Found in 10ms (ActiveRecord: 4.6ms)


Started DELETE "/users" for ::1 at 2020-04-22 16:33:52 -0400
  
ActionController::RoutingError (No route matches [DELETE] "/users"):
  
actionpack (5.2.4.2) lib/action_dispatch/middleware/debug_exceptions.rb:65:in `call'
web-console (3.7.0) lib/web_console/middleware.rb:135:in `call_app'
web-console (3.7.0) lib/web_console/middleware.rb:30:in `block in call'
web-console (3.7.0) lib/web_console/middleware.rb:20:in `catch'
web-console (3.7.0) lib/web_console/middleware.rb:20:in `call'
actionpack (5.2.4.2) lib/action_dispatch/middleware/show_exceptions.rb:33:in `call'
railties (5.2.4.2) lib/rails/rack/logger.rb:38:in `call_app'
railties (5.2.4.2) lib/rails/rack/logger.rb:26:in `block in call'
activesupport (5.2.4.2) lib/active_support/tagged_logging.rb:71:in `block in tagged'
activesupport (5.2.4.2) lib/active_support/tagged_logging.rb:28:in `tagged'
activesupport (5.2.4.2) lib/active_support/tagged_logging.rb:71:in `tagged'
railties (5.2.4.2) lib/rails/rack/logger.rb:26:in `call'
sprockets-rails (3.2.1) lib/sprockets/rails/quiet_assets.rb:13:in `call'
actionpack (5.2.4.2) lib/action_dispatch/middleware/remote_ip.rb:81:in `call'
actionpack (5.2.4.2) lib/action_dispatch/middleware/request_id.rb:27:in `call'
rack (2.2.2) lib/rack/method_override.rb:24:in `call'
rack (2.2.2) lib/rack/runtime.rb:22:in `call'
activesupport (5.2.4.2) lib/active_support/cache/strategy/local_cache_middleware.rb:29:in `call'
actionpack (5.2.4.2) lib/action_dispatch/middleware/executor.rb:14:in `call'
actionpack (5.2.4.2) lib/action_dispatch/middleware/static.rb:127:in `call'
rack (2.2.2) lib/rack/sendfile.rb:110:in `call'
railties (5.2.4.2) lib/rails/engine.rb:524:in `call'
puma (3.12.4) lib/puma/configuration.rb:227:in `call'
puma (3.12.4) lib/puma/server.rb:675:in `handle_request'
puma (3.12.4) lib/puma/server.rb:476:in `process_client'
puma (3.12.4) lib/puma/server.rb:334:in `block in run'
puma (3.12.4) lib/puma/thread_pool.rb:135:in `block in spawn_thread'
Started GET "/users" for ::1 at 2020-04-22 16:37:24 -0400
Processing by UsersController#index as HTML
  [1m[36mUser Load (0.3ms)[0m  [1m[34mSELECT "users".* FROM "users"[0m
  ↳ app/controllers/users_controller.rb:8
Completed 200 OK in 14ms (Views: 6.9ms | ActiveRecord: 4.6ms)


Started POST "/users" for ::1 at 2020-04-22 16:38:18 -0400
Processing by UsersController#create as */*
  Parameters: {"user"=>{"name"=>"Jabba the Hutt", "email"=>"jabba@gmail.com"}}
  [1m[35m (0.3ms)[0m  [1m[35mBEGIN[0m
  ↳ app/controllers/users_controller.rb:24
  [1m[36mUser Create (0.6ms)[0m  [1m[32mINSERT INTO "users" ("name", "email", "created_at", "updated_at") VALUES ($1, $2, $3, $4) RETURNING "id"[0m  [["name", "Jabba the Hutt"], ["email", "jabba@gmail.com"], ["created_at", "2020-04-22 20:38:22.797028"], ["updated_at", "2020-04-22 20:38:22.797028"]]
  ↳ app/controllers/users_controller.rb:24
  [1m[35m (2.5ms)[0m  [1m[35mCOMMIT[0m
  ↳ app/controllers/users_controller.rb:24
Completed 200 OK in 4491ms (Views: 0.6ms | ActiveRecord: 3.5ms)


Started GET "/users" for ::1 at 2020-04-22 16:38:30 -0400
Processing by UsersController#index as */*
  [1m[36mUser Load (0.5ms)[0m  [1m[34mSELECT "users".* FROM "users"[0m
  ↳ app/controllers/users_controller.rb:8
Completed 200 OK in 4ms (Views: 3.2ms | ActiveRecord: 0.5ms)


Started DELETE "/users/3" for ::1 at 2020-04-22 16:38:45 -0400
Processing by UsersController#destroy as */*
  Parameters: {"user"=>{"name"=>"Jabba the Hutt", "email"=>"jabba@gmail.com"}, "id"=>"3"}
  [1m[36mUser Load (0.3ms)[0m  [1m[34mSELECT  "users".* FROM "users" WHERE "users"."id" = $1 LIMIT $2[0m  [["id", 3], ["LIMIT", 1]]
  ↳ app/controllers/users_controller.rb:47
  [1m[35m (0.1ms)[0m  [1m[35mBEGIN[0m
  ↳ app/controllers/users_controller.rb:48
  [1m[36mUser Destroy (0.3ms)[0m  [1m[31mDELETE FROM "users" WHERE "users"."id" = $1[0m  [["id", 3]]
  ↳ app/controllers/users_controller.rb:48
  [1m[35m (2.8ms)[0m  [1m[35mCOMMIT[0m
  ↳ app/controllers/users_controller.rb:48
Redirected to http://localhost:3000/users/3
Completed 302 Found in 9ms (ActiveRecord: 3.6ms)


Started DELETE "/users/3" for ::1 at 2020-04-22 16:38:45 -0400
Processing by UsersController#destroy as */*
  Parameters: {"user"=>{"name"=>"Jabba the Hutt", "email"=>"jabba@gmail.com"}, "id"=>"3"}
  [1m[36mUser Load (0.6ms)[0m  [1m[34mSELECT  "users".* FROM "users" WHERE "users"."id" = $1 LIMIT $2[0m  [["id", 3], ["LIMIT", 1]]
  ↳ app/controllers/users_controller.rb:47
Completed 404 Not Found in 4ms (ActiveRecord: 0.6ms)



ActiveRecord::RecordNotFound - Couldn't find User with 'id'=3:
  app/controllers/users_controller.rb:47:in `destroy'

Started GET "/users" for ::1 at 2020-04-22 16:39:11 -0400
Processing by UsersController#index as */*
  [1m[36mUser Load (0.6ms)[0m  [1m[34mSELECT "users".* FROM "users"[0m
  ↳ app/controllers/users_controller.rb:8
Completed 200 OK in 4ms (Views: 2.3ms | ActiveRecord: 0.6ms)


Started GET "/users" for ::1 at 2020-04-22 16:41:11 -0400
Processing by UsersController#index as */*
  [1m[36mUser Load (0.4ms)[0m  [1m[34mSELECT "users".* FROM "users"[0m
  ↳ app/controllers/users_controller.rb:8
Completed 200 OK in 14ms (Views: 6.9ms | ActiveRecord: 4.6ms)


Started POST "/users" for ::1 at 2020-04-22 16:41:41 -0400
Processing by UsersController#create as */*
  Parameters: {"user"=>{"name"=>"Ryan Gosling", "email"=>"rg@gmail.com"}}
  [1m[35m (0.3ms)[0m  [1m[35mBEGIN[0m
  ↳ app/controllers/users_controller.rb:24
  [1m[36mUser Create (0.7ms)[0m  [1m[32mINSERT INTO "users" ("name", "email", "created_at", "updated_at") VALUES ($1, $2, $3, $4) RETURNING "id"[0m  [["name", "Ryan Gosling"], ["email", "rg@gmail.com"], ["created_at", "2020-04-22 20:41:41.753224"], ["updated_at", "2020-04-22 20:41:41.753224"]]
  ↳ app/controllers/users_controller.rb:24
  [1m[35m (1.4ms)[0m  [1m[35mCOMMIT[0m
  ↳ app/controllers/users_controller.rb:24
Completed 200 OK in 28ms (Views: 0.9ms | ActiveRecord: 8.6ms)


Started POST "/users" for ::1 at 2020-04-22 16:41:50 -0400
Processing by UsersController#create as */*
  Parameters: {"user"=>{"name"=>"Tom Hanks", "email"=>"th@gmail.com"}}
  [1m[35m (0.4ms)[0m  [1m[35mBEGIN[0m
  ↳ app/controllers/users_controller.rb:24
  [1m[36mUser Create (1.0ms)[0m  [1m[32mINSERT INTO "users" ("name", "email", "created_at", "updated_at") VALUES ($1, $2, $3, $4) RETURNING "id"[0m  [["name", "Tom Hanks"], ["email", "th@gmail.com"], ["created_at", "2020-04-22 20:41:50.376943"], ["updated_at", "2020-04-22 20:41:50.376943"]]
  ↳ app/controllers/users_controller.rb:24
  [1m[35m (2.2ms)[0m  [1m[35mCOMMIT[0m
  ↳ app/controllers/users_controller.rb:24
Completed 200 OK in 12ms (Views: 1.6ms | ActiveRecord: 3.7ms)


Started POST "/users" for ::1 at 2020-04-22 16:42:04 -0400
Processing by UsersController#create as */*
  Parameters: {"user"=>{"name"=>"Bill Murray", "email"=>"bm@gmail.com"}}
  [1m[35m (0.3ms)[0m  [1m[35mBEGIN[0m
  ↳ app/controllers/users_controller.rb:24
  [1m[36mUser Create (0.7ms)[0m  [1m[32mINSERT INTO "users" ("name", "email", "created_at", "updated_at") VALUES ($1, $2, $3, $4) RETURNING "id"[0m  [["name", "Bill Murray"], ["email", "bm@gmail.com"], ["created_at", "2020-04-22 20:42:04.941220"], ["updated_at", "2020-04-22 20:42:04.941220"]]
  ↳ app/controllers/users_controller.rb:24
  [1m[35m (5.7ms)[0m  [1m[35mCOMMIT[0m
  ↳ app/controllers/users_controller.rb:24
Completed 200 OK in 13ms (Views: 0.7ms | ActiveRecord: 6.7ms)


Started POST "/users" for ::1 at 2020-04-22 16:42:14 -0400
Processing by UsersController#create as */*
  Parameters: {"user"=>{"name"=>"Danny DeVito", "email"=>"ddv@gmail.com"}}
  [1m[35m (0.6ms)[0m  [1m[35mBEGIN[0m
  ↳ app/controllers/users_controller.rb:24
  [1m[36mUser Create (0.5ms)[0m  [1m[32mINSERT INTO "users" ("name", "email", "created_at", "updated_at") VALUES ($1, $2, $3, $4) RETURNING "id"[0m  [["name", "Danny DeVito"], ["email", "ddv@gmail.com"], ["created_at", "2020-04-22 20:42:14.036871"], ["updated_at", "2020-04-22 20:42:14.036871"]]
  ↳ app/controllers/users_controller.rb:24
  [1m[35m (3.1ms)[0m  [1m[35mCOMMIT[0m
  ↳ app/controllers/users_controller.rb:24
Completed 200 OK in 16ms (Views: 0.8ms | ActiveRecord: 4.2ms)


Started GET "/users" for ::1 at 2020-04-22 16:42:21 -0400
Processing by UsersController#index as */*
  [1m[36mUser Load (0.5ms)[0m  [1m[34mSELECT "users".* FROM "users"[0m
  ↳ app/controllers/users_controller.rb:8
Completed 200 OK in 6ms (Views: 4.2ms | ActiveRecord: 0.5ms)


Started PATCH "/users/4" for ::1 at 2020-04-22 16:44:37 -0400
Processing by UsersController#update as */*
  Parameters: {"user"=>{"email"=>"jabba@hutt.com"}, "id"=>"4"}
  [1m[36mUser Load (0.2ms)[0m  [1m[34mSELECT  "users".* FROM "users" WHERE "users"."id" = $1 LIMIT $2[0m  [["id", 4], ["LIMIT", 1]]
  ↳ app/controllers/users_controller.rb:33
  [1m[35m (0.2ms)[0m  [1m[35mBEGIN[0m
  ↳ app/controllers/users_controller.rb:35
  [1m[36mUser Update (0.7ms)[0m  [1m[33mUPDATE "users" SET "email" = $1, "updated_at" = $2 WHERE "users"."id" = $3[0m  [["email", "jabba@hutt.com"], ["updated_at", "2020-04-22 20:44:37.595587"], ["id", 4]]
  ↳ app/controllers/users_controller.rb:35
  [1m[35m (1.3ms)[0m  [1m[35mCOMMIT[0m
  ↳ app/controllers/users_controller.rb:35
Redirected to http://localhost:3000/users/4
Completed 302 Found in 21ms (ActiveRecord: 6.5ms)


Started PATCH "/users/4" for ::1 at 2020-04-22 16:44:37 -0400
Processing by UsersController#update as */*
  Parameters: {"user"=>{"email"=>"jabba@hutt.com"}, "id"=>"4"}
  [1m[36mUser Load (0.3ms)[0m  [1m[34mSELECT  "users".* FROM "users" WHERE "users"."id" = $1 LIMIT $2[0m  [["id", 4], ["LIMIT", 1]]
  ↳ app/controllers/users_controller.rb:33
  [1m[35m (0.2ms)[0m  [1m[35mBEGIN[0m
  ↳ app/controllers/users_controller.rb:35
  [1m[35m (0.2ms)[0m  [1m[35mCOMMIT[0m
  ↳ app/controllers/users_controller.rb:35
Redirected to http://localhost:3000/users/4
Completed 302 Found in 5ms (ActiveRecord: 0.6ms)


Started PATCH "/users/4" for ::1 at 2020-04-22 16:44:37 -0400
Processing by UsersController#update as */*
  Parameters: {"user"=>{"email"=>"jabba@hutt.com"}, "id"=>"4"}
  [1m[36mUser Load (0.2ms)[0m  [1m[34mSELECT  "users".* FROM "users" WHERE "users"."id" = $1 LIMIT $2[0m  [["id", 4], ["LIMIT", 1]]
  ↳ app/controllers/users_controller.rb:33
  [1m[35m (0.2ms)[0m  [1m[35mBEGIN[0m
  ↳ app/controllers/users_controller.rb:35
  [1m[35m (0.2ms)[0m  [1m[35mCOMMIT[0m
  ↳ app/controllers/users_controller.rb:35
Redirected to http://localhost:3000/users/4
Completed 302 Found in 5ms (ActiveRecord: 0.6ms)


Started PATCH "/users/4" for ::1 at 2020-04-22 16:44:37 -0400
Processing by UsersController#update as */*
  Parameters: {"user"=>{"email"=>"jabba@hutt.com"}, "id"=>"4"}
  [1m[36mUser Load (1.3ms)[0m  [1m[34mSELECT  "users".* FROM "users" WHERE "users"."id" = $1 LIMIT $2[0m  [["id", 4], ["LIMIT", 1]]
  ↳ app/controllers/users_controller.rb:33
  [1m[35m (0.2ms)[0m  [1m[35mBEGIN[0m
  ↳ app/controllers/users_controller.rb:35
  [1m[35m (0.2ms)[0m  [1m[35mCOMMIT[0m
  ↳ app/controllers/users_controller.rb:35
Redirected to http://localhost:3000/users/4
Completed 302 Found in 6ms (ActiveRecord: 1.6ms)


Started PATCH "/users/4" for ::1 at 2020-04-22 16:44:37 -0400
Processing by UsersController#update as */*
  Parameters: {"user"=>{"email"=>"jabba@hutt.com"}, "id"=>"4"}
  [1m[36mUser Load (0.3ms)[0m  [1m[34mSELECT  "users".* FROM "users" WHERE "users"."id" = $1 LIMIT $2[0m  [["id", 4], ["LIMIT", 1]]
  ↳ app/controllers/users_controller.rb:33
  [1m[35m (0.2ms)[0m  [1m[35mBEGIN[0m
  ↳ app/controllers/users_controller.rb:35
  [1m[35m (0.2ms)[0m  [1m[35mCOMMIT[0m
  ↳ app/controllers/users_controller.rb:35
Redirected to http://localhost:3000/users/4
Completed 302 Found in 4ms (ActiveRecord: 0.6ms)


Started PATCH "/users/4" for ::1 at 2020-04-22 16:44:37 -0400
Processing by UsersController#update as */*
  Parameters: {"user"=>{"email"=>"jabba@hutt.com"}, "id"=>"4"}
  [1m[36mUser Load (0.3ms)[0m  [1m[34mSELECT  "users".* FROM "users" WHERE "users"."id" = $1 LIMIT $2[0m  [["id", 4], ["LIMIT", 1]]
  ↳ app/controllers/users_controller.rb:33
  [1m[35m (0.2ms)[0m  [1m[35mBEGIN[0m
  ↳ app/controllers/users_controller.rb:35
  [1m[35m (0.1ms)[0m  [1m[35mCOMMIT[0m
  ↳ app/controllers/users_controller.rb:35
Redirected to http://localhost:3000/users/4
Completed 302 Found in 5ms (ActiveRecord: 0.6ms)


Started PATCH "/users/4" for ::1 at 2020-04-22 16:44:37 -0400
Processing by UsersController#update as */*
  Parameters: {"user"=>{"email"=>"jabba@hutt.com"}, "id"=>"4"}
  [1m[36mUser Load (0.3ms)[0m  [1m[34mSELECT  "users".* FROM "users" WHERE "users"."id" = $1 LIMIT $2[0m  [["id", 4], ["LIMIT", 1]]
  ↳ app/controllers/users_controller.rb:33
  [1m[35m (0.2ms)[0m  [1m[35mBEGIN[0m
  ↳ app/controllers/users_controller.rb:35
  [1m[35m (0.2ms)[0m  [1m[35mCOMMIT[0m
  ↳ app/controllers/users_controller.rb:35
Redirected to http://localhost:3000/users/4
Completed 302 Found in 7ms (ActiveRecord: 0.7ms)


Started PATCH "/users/4" for ::1 at 2020-04-22 16:44:37 -0400
Processing by UsersController#update as */*
  Parameters: {"user"=>{"email"=>"jabba@hutt.com"}, "id"=>"4"}
  [1m[36mUser Load (0.2ms)[0m  [1m[34mSELECT  "users".* FROM "users" WHERE "users"."id" = $1 LIMIT $2[0m  [["id", 4], ["LIMIT", 1]]
  ↳ app/controllers/users_controller.rb:33
  [1m[35m (0.3ms)[0m  [1m[35mBEGIN[0m
  ↳ app/controllers/users_controller.rb:35
  [1m[35m (0.2ms)[0m  [1m[35mCOMMIT[0m
  ↳ app/controllers/users_controller.rb:35
Redirected to http://localhost:3000/users/4
Completed 302 Found in 6ms (ActiveRecord: 0.7ms)


Started PATCH "/users/4" for ::1 at 2020-04-22 16:44:37 -0400
Processing by UsersController#update as */*
  Parameters: {"user"=>{"email"=>"jabba@hutt.com"}, "id"=>"4"}
  [1m[36mUser Load (0.3ms)[0m  [1m[34mSELECT  "users".* FROM "users" WHERE "users"."id" = $1 LIMIT $2[0m  [["id", 4], ["LIMIT", 1]]
  ↳ app/controllers/users_controller.rb:33
  [1m[35m (0.2ms)[0m  [1m[35mBEGIN[0m
  ↳ app/controllers/users_controller.rb:35
  [1m[35m (0.2ms)[0m  [1m[35mCOMMIT[0m
  ↳ app/controllers/users_controller.rb:35
Redirected to http://localhost:3000/users/4
Completed 302 Found in 6ms (ActiveRecord: 0.7ms)


Started PATCH "/users/4" for ::1 at 2020-04-22 16:44:37 -0400
Processing by UsersController#update as */*
  Parameters: {"user"=>{"email"=>"jabba@hutt.com"}, "id"=>"4"}
  [1m[36mUser Load (0.3ms)[0m  [1m[34mSELECT  "users".* FROM "users" WHERE "users"."id" = $1 LIMIT $2[0m  [["id", 4], ["LIMIT", 1]]
  ↳ app/controllers/users_controller.rb:33
  [1m[35m (0.2ms)[0m  [1m[35mBEGIN[0m
  ↳ app/controllers/users_controller.rb:35
  [1m[35m (0.2ms)[0m  [1m[35mCOMMIT[0m
  ↳ app/controllers/users_controller.rb:35
Redirected to http://localhost:3000/users/4
Completed 302 Found in 5ms (ActiveRecord: 0.7ms)


Started PATCH "/users/4" for ::1 at 2020-04-22 16:44:37 -0400
Processing by UsersController#update as */*
  Parameters: {"user"=>{"email"=>"jabba@hutt.com"}, "id"=>"4"}
  [1m[36mUser Load (0.3ms)[0m  [1m[34mSELECT  "users".* FROM "users" WHERE "users"."id" = $1 LIMIT $2[0m  [["id", 4], ["LIMIT", 1]]
  ↳ app/controllers/users_controller.rb:33
  [1m[35m (0.2ms)[0m  [1m[35mBEGIN[0m
  ↳ app/controllers/users_controller.rb:35
  [1m[35m (0.2ms)[0m  [1m[35mCOMMIT[0m
  ↳ app/controllers/users_controller.rb:35
Redirected to http://localhost:3000/users/4
Completed 302 Found in 4ms (ActiveRecord: 0.6ms)


Started PATCH "/users/4" for ::1 at 2020-04-22 16:44:37 -0400
Processing by UsersController#update as */*
  Parameters: {"user"=>{"email"=>"jabba@hutt.com"}, "id"=>"4"}
  [1m[36mUser Load (0.4ms)[0m  [1m[34mSELECT  "users".* FROM "users" WHERE "users"."id" = $1 LIMIT $2[0m  [["id", 4], ["LIMIT", 1]]
  ↳ app/controllers/users_controller.rb:33
  [1m[35m (0.3ms)[0m  [1m[35mBEGIN[0m
  ↳ app/controllers/users_controller.rb:35
  [1m[35m (0.2ms)[0m  [1m[35mCOMMIT[0m
  ↳ app/controllers/users_controller.rb:35
Redirected to http://localhost:3000/users/4
Completed 302 Found in 8ms (ActiveRecord: 0.9ms)


Started PATCH "/users/4" for ::1 at 2020-04-22 16:44:37 -0400
Processing by UsersController#update as */*
  Parameters: {"user"=>{"email"=>"jabba@hutt.com"}, "id"=>"4"}
  [1m[36mUser Load (0.2ms)[0m  [1m[34mSELECT  "users".* FROM "users" WHERE "users"."id" = $1 LIMIT $2[0m  [["id", 4], ["LIMIT", 1]]
  ↳ app/controllers/users_controller.rb:33
  [1m[35m (0.2ms)[0m  [1m[35mBEGIN[0m
  ↳ app/controllers/users_controller.rb:35
  [1m[35m (0.8ms)[0m  [1m[35mCOMMIT[0m
  ↳ app/controllers/users_controller.rb:35
Redirected to http://localhost:3000/users/4
Completed 302 Found in 5ms (ActiveRecord: 1.3ms)


Started PATCH "/users/4" for ::1 at 2020-04-22 16:44:37 -0400
Processing by UsersController#update as */*
  Parameters: {"user"=>{"email"=>"jabba@hutt.com"}, "id"=>"4"}
  [1m[36mUser Load (0.2ms)[0m  [1m[34mSELECT  "users".* FROM "users" WHERE "users"."id" = $1 LIMIT $2[0m  [["id", 4], ["LIMIT", 1]]
  ↳ app/controllers/users_controller.rb:33
  [1m[35m (0.2ms)[0m  [1m[35mBEGIN[0m
  ↳ app/controllers/users_controller.rb:35
  [1m[35m (0.2ms)[0m  [1m[35mCOMMIT[0m
  ↳ app/controllers/users_controller.rb:35
Redirected to http://localhost:3000/users/4
Completed 302 Found in 5ms (ActiveRecord: 0.6ms)


Started PATCH "/users/4" for ::1 at 2020-04-22 16:44:37 -0400
Processing by UsersController#update as */*
  Parameters: {"user"=>{"email"=>"jabba@hutt.com"}, "id"=>"4"}
  [1m[36mUser Load (0.3ms)[0m  [1m[34mSELECT  "users".* FROM "users" WHERE "users"."id" = $1 LIMIT $2[0m  [["id", 4], ["LIMIT", 1]]
  ↳ app/controllers/users_controller.rb:33
  [1m[35m (0.1ms)[0m  [1m[35mBEGIN[0m
  ↳ app/controllers/users_controller.rb:35
  [1m[35m (0.7ms)[0m  [1m[35mCOMMIT[0m
  ↳ app/controllers/users_controller.rb:35
Redirected to http://localhost:3000/users/4
Completed 302 Found in 5ms (ActiveRecord: 1.1ms)


Started PATCH "/users/4" for ::1 at 2020-04-22 16:44:37 -0400
Processing by UsersController#update as */*
  Parameters: {"user"=>{"email"=>"jabba@hutt.com"}, "id"=>"4"}
  [1m[36mUser Load (0.3ms)[0m  [1m[34mSELECT  "users".* FROM "users" WHERE "users"."id" = $1 LIMIT $2[0m  [["id", 4], ["LIMIT", 1]]
  ↳ app/controllers/users_controller.rb:33
  [1m[35m (0.2ms)[0m  [1m[35mBEGIN[0m
  ↳ app/controllers/users_controller.rb:35
  [1m[35m (0.2ms)[0m  [1m[35mCOMMIT[0m
  ↳ app/controllers/users_controller.rb:35
Redirected to http://localhost:3000/users/4
Completed 302 Found in 5ms (ActiveRecord: 0.7ms)


Started PATCH "/users/4" for ::1 at 2020-04-22 16:44:37 -0400
Processing by UsersController#update as */*
  Parameters: {"user"=>{"email"=>"jabba@hutt.com"}, "id"=>"4"}
  [1m[36mUser Load (0.2ms)[0m  [1m[34mSELECT  "users".* FROM "users" WHERE "users"."id" = $1 LIMIT $2[0m  [["id", 4], ["LIMIT", 1]]
  ↳ app/controllers/users_controller.rb:33
  [1m[35m (0.2ms)[0m  [1m[35mBEGIN[0m
  ↳ app/controllers/users_controller.rb:35
  [1m[35m (0.2ms)[0m  [1m[35mCOMMIT[0m
  ↳ app/controllers/users_controller.rb:35
Redirected to http://localhost:3000/users/4
Completed 302 Found in 17ms (ActiveRecord: 0.6ms)


Started PATCH "/users/4" for ::1 at 2020-04-22 16:44:37 -0400
Processing by UsersController#update as */*
  Parameters: {"user"=>{"email"=>"jabba@hutt.com"}, "id"=>"4"}
  [1m[36mUser Load (0.3ms)[0m  [1m[34mSELECT  "users".* FROM "users" WHERE "users"."id" = $1 LIMIT $2[0m  [["id", 4], ["LIMIT", 1]]
  ↳ app/controllers/users_controller.rb:33
  [1m[35m (0.1ms)[0m  [1m[35mBEGIN[0m
  ↳ app/controllers/users_controller.rb:35
  [1m[35m (0.2ms)[0m  [1m[35mCOMMIT[0m
  ↳ app/controllers/users_controller.rb:35
Redirected to http://localhost:3000/users/4
Completed 302 Found in 4ms (ActiveRecord: 0.6ms)


Started PATCH "/users/4" for ::1 at 2020-04-22 16:44:37 -0400
Processing by UsersController#update as */*
  Parameters: {"user"=>{"email"=>"jabba@hutt.com"}, "id"=>"4"}
  [1m[36mUser Load (0.2ms)[0m  [1m[34mSELECT  "users".* FROM "users" WHERE "users"."id" = $1 LIMIT $2[0m  [["id", 4], ["LIMIT", 1]]
  ↳ app/controllers/users_controller.rb:33
  [1m[35m (0.2ms)[0m  [1m[35mBEGIN[0m
  ↳ app/controllers/users_controller.rb:35
  [1m[35m (0.2ms)[0m  [1m[35mCOMMIT[0m
  ↳ app/controllers/users_controller.rb:35
Redirected to http://localhost:3000/users/4
Completed 302 Found in 4ms (ActiveRecord: 0.6ms)


Started PATCH "/users/4" for ::1 at 2020-04-22 16:44:37 -0400
Processing by UsersController#update as */*
  Parameters: {"user"=>{"email"=>"jabba@hutt.com"}, "id"=>"4"}
  [1m[36mUser Load (0.3ms)[0m  [1m[34mSELECT  "users".* FROM "users" WHERE "users"."id" = $1 LIMIT $2[0m  [["id", 4], ["LIMIT", 1]]
  ↳ app/controllers/users_controller.rb:33
  [1m[35m (0.1ms)[0m  [1m[35mBEGIN[0m
  ↳ app/controllers/users_controller.rb:35
  [1m[35m (0.2ms)[0m  [1m[35mCOMMIT[0m
  ↳ app/controllers/users_controller.rb:35
Redirected to http://localhost:3000/users/4
Completed 302 Found in 4ms (ActiveRecord: 0.6ms)


Started PATCH "/users/4" for ::1 at 2020-04-22 16:44:37 -0400
Processing by UsersController#update as */*
  Parameters: {"user"=>{"email"=>"jabba@hutt.com"}, "id"=>"4"}
  [1m[36mUser Load (0.3ms)[0m  [1m[34mSELECT  "users".* FROM "users" WHERE "users"."id" = $1 LIMIT $2[0m  [["id", 4], ["LIMIT", 1]]
  ↳ app/controllers/users_controller.rb:33
  [1m[35m (0.2ms)[0m  [1m[35mBEGIN[0m
  ↳ app/controllers/users_controller.rb:35
  [1m[35m (0.1ms)[0m  [1m[35mCOMMIT[0m
  ↳ app/controllers/users_controller.rb:35
Redirected to http://localhost:3000/users/4
Completed 302 Found in 4ms (ActiveRecord: 0.6ms)


Started GET "/users/" for ::1 at 2020-04-22 16:45:03 -0400
Processing by UsersController#index as */*
  [1m[36mUser Load (0.5ms)[0m  [1m[34mSELECT "users".* FROM "users"[0m
  ↳ app/controllers/users_controller.rb:8
Completed 200 OK in 6ms (Views: 4.5ms | ActiveRecord: 0.5ms)


Started GET "/users/5" for ::1 at 2020-04-22 16:48:11 -0400
Processing by UsersController#show as */*
  Parameters: {"id"=>"5"}
  [1m[36mUser Load (0.2ms)[0m  [1m[34mSELECT  "users".* FROM "users" WHERE "users"."id" = $1 LIMIT $2[0m  [["id", 5], ["LIMIT", 1]]
  ↳ app/controllers/users_controller.rb:11
Completed 200 OK in 21ms (Views: 1.8ms | ActiveRecord: 3.4ms)


Started PATCH "/users/5" for ::1 at 2020-04-22 16:49:56 -0400
Processing by UsersController#update as */*
  Parameters: {"user"=>{"email"=>"gosling@canada.gov"}, "id"=>"5"}
  [1m[36mUser Load (0.5ms)[0m  [1m[34mSELECT  "users".* FROM "users" WHERE "users"."id" = $1 LIMIT $2[0m  [["id", 5], ["LIMIT", 1]]
  ↳ app/controllers/users_controller.rb:28
  [1m[35m (0.3ms)[0m  [1m[35mBEGIN[0m
  ↳ app/controllers/users_controller.rb:30
  [1m[36mUser Update (0.9ms)[0m  [1m[33mUPDATE "users" SET "email" = $1, "updated_at" = $2 WHERE "users"."id" = $3[0m  [["email", "gosling@canada.gov"], ["updated_at", "2020-04-22 20:49:56.275304"], ["id", 5]]
  ↳ app/controllers/users_controller.rb:30
  [1m[35m (4.2ms)[0m  [1m[35mCOMMIT[0m
  ↳ app/controllers/users_controller.rb:30
Redirected to http://localhost:3000/users/5
Completed 302 Found in 14ms (ActiveRecord: 5.9ms)


Started PATCH "/users/5" for ::1 at 2020-04-22 16:49:56 -0400
Processing by UsersController#update as */*
  Parameters: {"user"=>{"email"=>"gosling@canada.gov"}, "id"=>"5"}
  [1m[36mUser Load (0.7ms)[0m  [1m[34mSELECT  "users".* FROM "users" WHERE "users"."id" = $1 LIMIT $2[0m  [["id", 5], ["LIMIT", 1]]
  ↳ app/controllers/users_controller.rb:28
  [1m[35m (0.2ms)[0m  [1m[35mBEGIN[0m
  ↳ app/controllers/users_controller.rb:30
  [1m[35m (0.3ms)[0m  [1m[35mCOMMIT[0m
  ↳ app/controllers/users_controller.rb:30
Redirected to http://localhost:3000/users/5
Completed 302 Found in 7ms (ActiveRecord: 1.2ms)


Started PATCH "/users/5" for ::1 at 2020-04-22 16:49:56 -0400
Processing by UsersController#update as */*
  Parameters: {"user"=>{"email"=>"gosling@canada.gov"}, "id"=>"5"}
  [1m[36mUser Load (0.7ms)[0m  [1m[34mSELECT  "users".* FROM "users" WHERE "users"."id" = $1 LIMIT $2[0m  [["id", 5], ["LIMIT", 1]]
  ↳ app/controllers/users_controller.rb:28
  [1m[35m (0.4ms)[0m  [1m[35mBEGIN[0m
  ↳ app/controllers/users_controller.rb:30
  [1m[35m (0.6ms)[0m  [1m[35mCOMMIT[0m
  ↳ app/controllers/users_controller.rb:30
Redirected to http://localhost:3000/users/5
Completed 302 Found in 10ms (ActiveRecord: 1.8ms)


Started PATCH "/users/5" for ::1 at 2020-04-22 16:49:56 -0400
Processing by UsersController#update as */*
  Parameters: {"user"=>{"email"=>"gosling@canada.gov"}, "id"=>"5"}
  [1m[36mUser Load (0.4ms)[0m  [1m[34mSELECT  "users".* FROM "users" WHERE "users"."id" = $1 LIMIT $2[0m  [["id", 5], ["LIMIT", 1]]
  ↳ app/controllers/users_controller.rb:28
  [1m[35m (0.3ms)[0m  [1m[35mBEGIN[0m
  ↳ app/controllers/users_controller.rb:30
  [1m[35m (0.3ms)[0m  [1m[35mCOMMIT[0m
  ↳ app/controllers/users_controller.rb:30
Redirected to http://localhost:3000/users/5
Completed 302 Found in 8ms (ActiveRecord: 1.0ms)


Started PATCH "/users/5" for ::1 at 2020-04-22 16:49:56 -0400
Processing by UsersController#update as */*
  Parameters: {"user"=>{"email"=>"gosling@canada.gov"}, "id"=>"5"}
  [1m[36mUser Load (0.5ms)[0m  [1m[34mSELECT  "users".* FROM "users" WHERE "users"."id" = $1 LIMIT $2[0m  [["id", 5], ["LIMIT", 1]]
  ↳ app/controllers/users_controller.rb:28
  [1m[35m (0.2ms)[0m  [1m[35mBEGIN[0m
  ↳ app/controllers/users_controller.rb:30
  [1m[35m (0.5ms)[0m  [1m[35mCOMMIT[0m
  ↳ app/controllers/users_controller.rb:30
Redirected to http://localhost:3000/users/5
Completed 302 Found in 8ms (ActiveRecord: 1.3ms)


Started PATCH "/users/5" for ::1 at 2020-04-22 16:49:56 -0400
Processing by UsersController#update as */*
  Parameters: {"user"=>{"email"=>"gosling@canada.gov"}, "id"=>"5"}
  [1m[36mUser Load (0.4ms)[0m  [1m[34mSELECT  "users".* FROM "users" WHERE "users"."id" = $1 LIMIT $2[0m  [["id", 5], ["LIMIT", 1]]
  ↳ app/controllers/users_controller.rb:28
  [1m[35m (0.2ms)[0m  [1m[35mBEGIN[0m
  ↳ app/controllers/users_controller.rb:30
  [1m[35m (0.2ms)[0m  [1m[35mCOMMIT[0m
  ↳ app/controllers/users_controller.rb:30
Redirected to http://localhost:3000/users/5
Completed 302 Found in 6ms (ActiveRecord: 0.7ms)


Started PATCH "/users/5" for ::1 at 2020-04-22 16:49:56 -0400
Processing by UsersController#update as */*
  Parameters: {"user"=>{"email"=>"gosling@canada.gov"}, "id"=>"5"}
  [1m[36mUser Load (0.6ms)[0m  [1m[34mSELECT  "users".* FROM "users" WHERE "users"."id" = $1 LIMIT $2[0m  [["id", 5], ["LIMIT", 1]]
  ↳ app/controllers/users_controller.rb:28
  [1m[35m (0.5ms)[0m  [1m[35mBEGIN[0m
  ↳ app/controllers/users_controller.rb:30
  [1m[35m (0.7ms)[0m  [1m[35mCOMMIT[0m
  ↳ app/controllers/users_controller.rb:30
Redirected to http://localhost:3000/users/5
Completed 302 Found in 8ms (ActiveRecord: 1.8ms)


Started PATCH "/users/5" for ::1 at 2020-04-22 16:49:56 -0400
Processing by UsersController#update as */*
  Parameters: {"user"=>{"email"=>"gosling@canada.gov"}, "id"=>"5"}
  [1m[36mUser Load (0.3ms)[0m  [1m[34mSELECT  "users".* FROM "users" WHERE "users"."id" = $1 LIMIT $2[0m  [["id", 5], ["LIMIT", 1]]
  ↳ app/controllers/users_controller.rb:28
  [1m[35m (0.3ms)[0m  [1m[35mBEGIN[0m
  ↳ app/controllers/users_controller.rb:30
  [1m[35m (0.3ms)[0m  [1m[35mCOMMIT[0m
  ↳ app/controllers/users_controller.rb:30
Redirected to http://localhost:3000/users/5
Completed 302 Found in 7ms (ActiveRecord: 1.0ms)


Started PATCH "/users/5" for ::1 at 2020-04-22 16:49:56 -0400
Processing by UsersController#update as */*
  Parameters: {"user"=>{"email"=>"gosling@canada.gov"}, "id"=>"5"}
  [1m[36mUser Load (0.4ms)[0m  [1m[34mSELECT  "users".* FROM "users" WHERE "users"."id" = $1 LIMIT $2[0m  [["id", 5], ["LIMIT", 1]]
  ↳ app/controllers/users_controller.rb:28
  [1m[35m (0.2ms)[0m  [1m[35mBEGIN[0m
  ↳ app/controllers/users_controller.rb:30
  [1m[35m (0.3ms)[0m  [1m[35mCOMMIT[0m
  ↳ app/controllers/users_controller.rb:30
Redirected to http://localhost:3000/users/5
Completed 302 Found in 7ms (ActiveRecord: 0.9ms)


Started PATCH "/users/5" for ::1 at 2020-04-22 16:49:56 -0400
Processing by UsersController#update as */*
  Parameters: {"user"=>{"email"=>"gosling@canada.gov"}, "id"=>"5"}
  [1m[36mUser Load (0.4ms)[0m  [1m[34mSELECT  "users".* FROM "users" WHERE "users"."id" = $1 LIMIT $2[0m  [["id", 5], ["LIMIT", 1]]
  ↳ app/controllers/users_controller.rb:28
  [1m[35m (0.3ms)[0m  [1m[35mBEGIN[0m
  ↳ app/controllers/users_controller.rb:30
  [1m[35m (0.2ms)[0m  [1m[35mCOMMIT[0m
  ↳ app/controllers/users_controller.rb:30
Redirected to http://localhost:3000/users/5
Completed 302 Found in 7ms (ActiveRecord: 0.9ms)


Started PATCH "/users/5" for ::1 at 2020-04-22 16:49:56 -0400
Processing by UsersController#update as */*
  Parameters: {"user"=>{"email"=>"gosling@canada.gov"}, "id"=>"5"}
  [1m[36mUser Load (0.4ms)[0m  [1m[34mSELECT  "users".* FROM "users" WHERE "users"."id" = $1 LIMIT $2[0m  [["id", 5], ["LIMIT", 1]]
  ↳ app/controllers/users_controller.rb:28
  [1m[35m (0.3ms)[0m  [1m[35mBEGIN[0m
  ↳ app/controllers/users_controller.rb:30
  [1m[35m (0.3ms)[0m  [1m[35mCOMMIT[0m
  ↳ app/controllers/users_controller.rb:30
Redirected to http://localhost:3000/users/5
Completed 302 Found in 6ms (ActiveRecord: 1.0ms)


Started PATCH "/users/5" for ::1 at 2020-04-22 16:49:56 -0400
Processing by UsersController#update as */*
  Parameters: {"user"=>{"email"=>"gosling@canada.gov"}, "id"=>"5"}
  [1m[36mUser Load (0.5ms)[0m  [1m[34mSELECT  "users".* FROM "users" WHERE "users"."id" = $1 LIMIT $2[0m  [["id", 5], ["LIMIT", 1]]
  ↳ app/controllers/users_controller.rb:28
  [1m[35m (0.4ms)[0m  [1m[35mBEGIN[0m
  ↳ app/controllers/users_controller.rb:30
  [1m[35m (0.3ms)[0m  [1m[35mCOMMIT[0m
  ↳ app/controllers/users_controller.rb:30
Redirected to http://localhost:3000/users/5
Completed 302 Found in 8ms (ActiveRecord: 1.2ms)


Started PATCH "/users/5" for ::1 at 2020-04-22 16:49:56 -0400
Processing by UsersController#update as */*
  Parameters: {"user"=>{"email"=>"gosling@canada.gov"}, "id"=>"5"}
  [1m[36mUser Load (0.7ms)[0m  [1m[34mSELECT  "users".* FROM "users" WHERE "users"."id" = $1 LIMIT $2[0m  [["id", 5], ["LIMIT", 1]]
  ↳ app/controllers/users_controller.rb:28
  [1m[35m (0.4ms)[0m  [1m[35mBEGIN[0m
  ↳ app/controllers/users_controller.rb:30
  [1m[35m (0.4ms)[0m  [1m[35mCOMMIT[0m
  ↳ app/controllers/users_controller.rb:30
Redirected to http://localhost:3000/users/5
Completed 302 Found in 9ms (ActiveRecord: 1.6ms)


Started PATCH "/users/5" for ::1 at 2020-04-22 16:49:56 -0400
Processing by UsersController#update as */*
  Parameters: {"user"=>{"email"=>"gosling@canada.gov"}, "id"=>"5"}
  [1m[36mUser Load (0.4ms)[0m  [1m[34mSELECT  "users".* FROM "users" WHERE "users"."id" = $1 LIMIT $2[0m  [["id", 5], ["LIMIT", 1]]
  ↳ app/controllers/users_controller.rb:28
  [1m[35m (0.3ms)[0m  [1m[35mBEGIN[0m
  ↳ app/controllers/users_controller.rb:30
  [1m[35m (0.4ms)[0m  [1m[35mCOMMIT[0m
  ↳ app/controllers/users_controller.rb:30
Redirected to http://localhost:3000/users/5
Completed 302 Found in 9ms (ActiveRecord: 1.0ms)


Started PATCH "/users/5" for ::1 at 2020-04-22 16:49:56 -0400
Processing by UsersController#update as */*
  Parameters: {"user"=>{"email"=>"gosling@canada.gov"}, "id"=>"5"}
  [1m[36mUser Load (0.5ms)[0m  [1m[34mSELECT  "users".* FROM "users" WHERE "users"."id" = $1 LIMIT $2[0m  [["id", 5], ["LIMIT", 1]]
  ↳ app/controllers/users_controller.rb:28
  [1m[35m (0.3ms)[0m  [1m[35mBEGIN[0m
  ↳ app/controllers/users_controller.rb:30
  [1m[35m (0.3ms)[0m  [1m[35mCOMMIT[0m
  ↳ app/controllers/users_controller.rb:30
Redirected to http://localhost:3000/users/5
Completed 302 Found in 8ms (ActiveRecord: 1.1ms)


Started PATCH "/users/5" for ::1 at 2020-04-22 16:49:56 -0400
Processing by UsersController#update as */*
  Parameters: {"user"=>{"email"=>"gosling@canada.gov"}, "id"=>"5"}
  [1m[36mUser Load (0.4ms)[0m  [1m[34mSELECT  "users".* FROM "users" WHERE "users"."id" = $1 LIMIT $2[0m  [["id", 5], ["LIMIT", 1]]
  ↳ app/controllers/users_controller.rb:28
  [1m[35m (0.6ms)[0m  [1m[35mBEGIN[0m
  ↳ app/controllers/users_controller.rb:30
  [1m[35m (0.2ms)[0m  [1m[35mCOMMIT[0m
  ↳ app/controllers/users_controller.rb:30
Redirected to http://localhost:3000/users/5
Completed 302 Found in 7ms (ActiveRecord: 1.3ms)


Started PATCH "/users/5" for ::1 at 2020-04-22 16:49:56 -0400
Processing by UsersController#update as */*
  Parameters: {"user"=>{"email"=>"gosling@canada.gov"}, "id"=>"5"}
  [1m[36mUser Load (0.7ms)[0m  [1m[34mSELECT  "users".* FROM "users" WHERE "users"."id" = $1 LIMIT $2[0m  [["id", 5], ["LIMIT", 1]]
  ↳ app/controllers/users_controller.rb:28
  [1m[35m (0.3ms)[0m  [1m[35mBEGIN[0m
  ↳ app/controllers/users_controller.rb:30
  [1m[35m (0.3ms)[0m  [1m[35mCOMMIT[0m
  ↳ app/controllers/users_controller.rb:30
Redirected to http://localhost:3000/users/5
Completed 302 Found in 6ms (ActiveRecord: 1.2ms)


Started PATCH "/users/5" for ::1 at 2020-04-22 16:49:56 -0400
Processing by UsersController#update as */*
  Parameters: {"user"=>{"email"=>"gosling@canada.gov"}, "id"=>"5"}
  [1m[36mUser Load (0.5ms)[0m  [1m[34mSELECT  "users".* FROM "users" WHERE "users"."id" = $1 LIMIT $2[0m  [["id", 5], ["LIMIT", 1]]
  ↳ app/controllers/users_controller.rb:28
  [1m[35m (0.2ms)[0m  [1m[35mBEGIN[0m
  ↳ app/controllers/users_controller.rb:30
  [1m[35m (0.2ms)[0m  [1m[35mCOMMIT[0m
  ↳ app/controllers/users_controller.rb:30
Redirected to http://localhost:3000/users/5
Completed 302 Found in 7ms (ActiveRecord: 0.9ms)


Started PATCH "/users/5" for ::1 at 2020-04-22 16:49:56 -0400
Processing by UsersController#update as */*
  Parameters: {"user"=>{"email"=>"gosling@canada.gov"}, "id"=>"5"}
  [1m[36mUser Load (0.6ms)[0m  [1m[34mSELECT  "users".* FROM "users" WHERE "users"."id" = $1 LIMIT $2[0m  [["id", 5], ["LIMIT", 1]]
  ↳ app/controllers/users_controller.rb:28
  [1m[35m (0.3ms)[0m  [1m[35mBEGIN[0m
  ↳ app/controllers/users_controller.rb:30
  [1m[35m (0.3ms)[0m  [1m[35mCOMMIT[0m
  ↳ app/controllers/users_controller.rb:30
Redirected to http://localhost:3000/users/5
Completed 302 Found in 7ms (ActiveRecord: 1.1ms)


Started PATCH "/users/5" for ::1 at 2020-04-22 16:49:56 -0400
Processing by UsersController#update as */*
  Parameters: {"user"=>{"email"=>"gosling@canada.gov"}, "id"=>"5"}
  [1m[36mUser Load (0.7ms)[0m  [1m[34mSELECT  "users".* FROM "users" WHERE "users"."id" = $1 LIMIT $2[0m  [["id", 5], ["LIMIT", 1]]
  ↳ app/controllers/users_controller.rb:28
  [1m[35m (0.4ms)[0m  [1m[35mBEGIN[0m
  ↳ app/controllers/users_controller.rb:30
  [1m[35m (0.3ms)[0m  [1m[35mCOMMIT[0m
  ↳ app/controllers/users_controller.rb:30
Redirected to http://localhost:3000/users/5
Completed 302 Found in 8ms (ActiveRecord: 1.3ms)


Started PATCH "/users/5" for ::1 at 2020-04-22 16:49:56 -0400
Processing by UsersController#update as */*
  Parameters: {"user"=>{"email"=>"gosling@canada.gov"}, "id"=>"5"}
  [1m[36mUser Load (0.5ms)[0m  [1m[34mSELECT  "users".* FROM "users" WHERE "users"."id" = $1 LIMIT $2[0m  [["id", 5], ["LIMIT", 1]]
  ↳ app/controllers/users_controller.rb:28
  [1m[35m (0.3ms)[0m  [1m[35mBEGIN[0m
  ↳ app/controllers/users_controller.rb:30
  [1m[35m (0.2ms)[0m  [1m[35mCOMMIT[0m
  ↳ app/controllers/users_controller.rb:30
Redirected to http://localhost:3000/users/5
Completed 302 Found in 5ms (ActiveRecord: 1.0ms)


Started GET "/users/5" for ::1 at 2020-04-22 16:50:51 -0400
  [1m[35m (1.3ms)[0m  [1m[34mSELECT "schema_migrations"."version" FROM "schema_migrations" ORDER BY "schema_migrations"."version" ASC[0m
  ↳ /home/jae-son/.rbenv/versions/2.5.1/lib/ruby/gems/2.5.0/gems/activerecord-5.2.4.2/lib/active_record/log_subscriber.rb:98
Processing by UsersController#show as HTML
  Parameters: {"id"=>"5"}
  [1m[36mUser Load (0.4ms)[0m  [1m[34mSELECT  "users".* FROM "users" WHERE "users"."id" = $1 LIMIT $2[0m  [["id", 5], ["LIMIT", 1]]
  ↳ app/controllers/users_controller.rb:11
Completed 200 OK in 22ms (Views: 0.7ms | ActiveRecord: 4.7ms)


Started POST "/users" for ::1 at 2020-04-22 17:07:53 -0400
Processing by UsersController#create as */*
  Parameters: {"user"=>{"name"=>"Michael Caine", "email"=>""}}
  [1m[35m (0.2ms)[0m  [1m[35mBEGIN[0m
  ↳ app/controllers/users_controller.rb:19
  [1m[35m (0.2ms)[0m  [1m[31mROLLBACK[0m
  ↳ app/controllers/users_controller.rb:19
Completed 422 Unprocessable Entity in 36ms (Views: 0.7ms | ActiveRecord: 8.8ms)


Started POST "/users" for ::1 at 2020-04-22 17:08:11 -0400
Processing by UsersController#create as */*
  Parameters: {"user"=>{"name"=>"Michael Caine", "email"=>""}}
  [1m[35m (0.3ms)[0m  [1m[35mBEGIN[0m
  ↳ app/controllers/users_controller.rb:19
  [1m[36mUser Create (0.8ms)[0m  [1m[32mINSERT INTO "users" ("name", "email", "created_at", "updated_at") VALUES ($1, $2, $3, $4) RETURNING "id"[0m  [["name", "Michael Caine"], ["email", ""], ["created_at", "2020-04-22 21:08:11.169107"], ["updated_at", "2020-04-22 21:08:11.169107"]]
  ↳ app/controllers/users_controller.rb:19
  [1m[35m (2.3ms)[0m  [1m[35mCOMMIT[0m
  ↳ app/controllers/users_controller.rb:19
Completed 200 OK in 29ms (Views: 1.1ms | ActiveRecord: 10.3ms)


Started DELETE "/users/9" for ::1 at 2020-04-22 17:08:56 -0400
Processing by UsersController#destroy as */*
  Parameters: {"user"=>{"name"=>"Michael Caine"}, "id"=>"9"}
  [1m[36mUser Load (1.2ms)[0m  [1m[34mSELECT  "users".* FROM "users" WHERE "users"."id" = $1 LIMIT $2[0m  [["id", 9], ["LIMIT", 1]]
  ↳ app/controllers/users_controller.rb:43
  [1m[35m (0.3ms)[0m  [1m[35mBEGIN[0m
  ↳ app/controllers/users_controller.rb:44
  [1m[36mUser Destroy (0.6ms)[0m  [1m[31mDELETE FROM "users" WHERE "users"."id" = $1[0m  [["id", 9]]
  ↳ app/controllers/users_controller.rb:44
  [1m[35m (3.4ms)[0m  [1m[35mCOMMIT[0m
  ↳ app/controllers/users_controller.rb:44
Redirected to http://localhost:3000/users
Completed 302 Found in 17ms (ActiveRecord: 6.2ms)


Started DELETE "/users" for ::1 at 2020-04-22 17:08:56 -0400
  
ActionController::RoutingError (No route matches [DELETE] "/users"):
  
actionpack (5.2.4.2) lib/action_dispatch/middleware/debug_exceptions.rb:65:in `call'
web-console (3.7.0) lib/web_console/middleware.rb:135:in `call_app'
web-console (3.7.0) lib/web_console/middleware.rb:30:in `block in call'
web-console (3.7.0) lib/web_console/middleware.rb:20:in `catch'
web-console (3.7.0) lib/web_console/middleware.rb:20:in `call'
actionpack (5.2.4.2) lib/action_dispatch/middleware/show_exceptions.rb:33:in `call'
railties (5.2.4.2) lib/rails/rack/logger.rb:38:in `call_app'
railties (5.2.4.2) lib/rails/rack/logger.rb:26:in `block in call'
activesupport (5.2.4.2) lib/active_support/tagged_logging.rb:71:in `block in tagged'
activesupport (5.2.4.2) lib/active_support/tagged_logging.rb:28:in `tagged'
activesupport (5.2.4.2) lib/active_support/tagged_logging.rb:71:in `tagged'
railties (5.2.4.2) lib/rails/rack/logger.rb:26:in `call'
sprockets-rails (3.2.1) lib/sprockets/rails/quiet_assets.rb:13:in `call'
actionpack (5.2.4.2) lib/action_dispatch/middleware/remote_ip.rb:81:in `call'
actionpack (5.2.4.2) lib/action_dispatch/middleware/request_id.rb:27:in `call'
rack (2.2.2) lib/rack/method_override.rb:24:in `call'
rack (2.2.2) lib/rack/runtime.rb:22:in `call'
activesupport (5.2.4.2) lib/active_support/cache/strategy/local_cache_middleware.rb:29:in `call'
actionpack (5.2.4.2) lib/action_dispatch/middleware/executor.rb:14:in `call'
actionpack (5.2.4.2) lib/action_dispatch/middleware/static.rb:127:in `call'
rack (2.2.2) lib/rack/sendfile.rb:110:in `call'
railties (5.2.4.2) lib/rails/engine.rb:524:in `call'
puma (3.12.4) lib/puma/configuration.rb:227:in `call'
puma (3.12.4) lib/puma/server.rb:675:in `handle_request'
puma (3.12.4) lib/puma/server.rb:476:in `process_client'
puma (3.12.4) lib/puma/server.rb:334:in `block in run'
puma (3.12.4) lib/puma/thread_pool.rb:135:in `block in spawn_thread'
Started GET "/users" for ::1 at 2020-04-22 17:13:05 -0400
Processing by UsersController#index as */*
  [1m[36mUser Load (0.5ms)[0m  [1m[34mSELECT "users".* FROM "users"[0m
  ↳ app/controllers/users_controller.rb:7
Completed 200 OK in 4ms (Views: 2.7ms | ActiveRecord: 0.5ms)


Started GET "/users" for ::1 at 2020-04-22 17:13:17 -0400
Processing by UsersController#index as */*
  [1m[36mUser Load (0.5ms)[0m  [1m[34mSELECT "users".* FROM "users"[0m
  ↳ app/controllers/users_controller.rb:7
Completed 200 OK in 4ms (Views: 2.9ms | ActiveRecord: 0.5ms)


Started POST "/users" for ::1 at 2020-04-22 17:13:46 -0400
Processing by UsersController#create as */*
  Parameters: {"user"=>{"name"=>"Michael Caine"}}
  [1m[35m (0.3ms)[0m  [1m[35mBEGIN[0m
  ↳ app/controllers/users_controller.rb:19
  [1m[36mUser Create (2.5ms)[0m  [1m[32mINSERT INTO "users" ("name", "created_at", "updated_at") VALUES ($1, $2, $3) RETURNING "id"[0m  [["name", "Michael Caine"], ["created_at", "2020-04-22 21:13:46.008431"], ["updated_at", "2020-04-22 21:13:46.008431"]]
  ↳ app/controllers/users_controller.rb:19
  [1m[35m (0.2ms)[0m  [1m[31mROLLBACK[0m
  ↳ app/controllers/users_controller.rb:19
Completed 500 Internal Server Error in 7ms (ActiveRecord: 3.0ms)



PG::NotNullViolation - ERROR:  null value in column "email" violates not-null constraint
DETAIL:  Failing row contains (10, Michael Caine, null, 2020-04-22 21:13:46.008431, 2020-04-22 21:13:46.008431).
:
  app/controllers/users_controller.rb:19:in `create'

  [1m[35m (0.3ms)[0m  [1m[34mSELECT pg_try_advisory_lock(2711202859307440470)[0m
  ↳ bin/rails:9
  [1m[35m (0.7ms)[0m  [1m[34mSELECT "schema_migrations"."version" FROM "schema_migrations" ORDER BY "schema_migrations"."version" ASC[0m
  ↳ bin/rails:9
Migrating to DeleteUsersNames (20200422213311)
  [1m[35m (0.1ms)[0m  [1m[35mBEGIN[0m
  ↳ bin/rails:9
  [1m[35m (5.3ms)[0m  [1m[35mALTER TABLE "users" DROP COLUMN "name"[0m
  ↳ db/migrate/20200422213311_delete_users_names.rb:3
  [1m[36mActiveRecord::SchemaMigration Create (0.3ms)[0m  [1m[32mINSERT INTO "schema_migrations" ("version") VALUES ($1) RETURNING "version"[0m  [["version", "20200422213311"]]
  ↳ bin/rails:9
  [1m[35m (1.6ms)[0m  [1m[35mCOMMIT[0m
  ↳ bin/rails:9
  [1m[36mActiveRecord::InternalMetadata Load (1.8ms)[0m  [1m[34mSELECT  "ar_internal_metadata".* FROM "ar_internal_metadata" WHERE "ar_internal_metadata"."key" = $1 LIMIT $2[0m  [["key", "environment"], ["LIMIT", 1]]
  ↳ bin/rails:9
  [1m[35m (0.2ms)[0m  [1m[35mBEGIN[0m
  ↳ bin/rails:9
  [1m[35m (0.3ms)[0m  [1m[35mCOMMIT[0m
  ↳ bin/rails:9
  [1m[35m (0.5ms)[0m  [1m[34mSELECT pg_advisory_unlock(2711202859307440470)[0m
  ↳ bin/rails:9
  [1m[35m (0.4ms)[0m  [1m[34mSELECT "schema_migrations"."version" FROM "schema_migrations" ORDER BY "schema_migrations"."version" ASC[0m
  ↳ bin/rails:9
Started GET "/users" for ::1 at 2020-04-22 17:34:33 -0400
  [1m[35m (0.9ms)[0m  [1m[34mSELECT "schema_migrations"."version" FROM "schema_migrations" ORDER BY "schema_migrations"."version" ASC[0m
  ↳ /home/jae-son/.rbenv/versions/2.5.1/lib/ruby/gems/2.5.0/gems/activerecord-5.2.4.2/lib/active_record/log_subscriber.rb:98
Processing by UsersController#index as */*
  [1m[36mUser Load (0.6ms)[0m  [1m[34mSELECT "users".* FROM "users"[0m
  ↳ app/controllers/users_controller.rb:7
Completed 200 OK in 30ms (Views: 13.2ms | ActiveRecord: 7.5ms)


Started PATCH "/users/6" for ::1 at 2020-04-22 17:46:24 -0400
Processing by UsersController#update as */*
  Parameters: {"user"=>{"email"=>"hanksgiving@gmail.com"}, "id"=>"6"}
  [1m[36mUser Load (0.6ms)[0m  [1m[34mSELECT  "users".* FROM "users" WHERE "users"."id" = $1 LIMIT $2[0m  [["id", 6], ["LIMIT", 1]]
  ↳ app/controllers/users_controller.rb:28
  [1m[35m (0.2ms)[0m  [1m[35mBEGIN[0m
  ↳ app/controllers/users_controller.rb:30
  [1m[35m (0.2ms)[0m  [1m[31mROLLBACK[0m
  ↳ app/controllers/users_controller.rb:30
Completed 500 Internal Server Error in 28ms (ActiveRecord: 1.2ms)



NoMethodError - undefined method `name' for #<User:0x00007ff21c122c60>:
  app/controllers/users_controller.rb:30:in `update'

Started PATCH "/users/6" for ::1 at 2020-04-22 17:48:20 -0400
Processing by UsersController#update as */*
  Parameters: {"user"=>{"email"=>"hanksgiving@gmail.com"}, "id"=>"6"}
  [1m[36mUser Load (0.6ms)[0m  [1m[34mSELECT  "users".* FROM "users" WHERE "users"."id" = $1 LIMIT $2[0m  [["id", 6], ["LIMIT", 1]]
  ↳ app/controllers/users_controller.rb:28
  [1m[35m (0.2ms)[0m  [1m[35mBEGIN[0m
  ↳ app/controllers/users_controller.rb:30
  [1m[35m (0.2ms)[0m  [1m[31mROLLBACK[0m
  ↳ app/controllers/users_controller.rb:30
Completed 500 Internal Server Error in 32ms (ActiveRecord: 9.4ms)



NoMethodError - undefined method `name' for #<User:0x00007ff220229ad8>:
  app/controllers/users_controller.rb:30:in `update'

Started PATCH "/users/6" for ::1 at 2020-04-22 17:48:37 -0400
  [1m[35m (1.4ms)[0m  [1m[34mSELECT "schema_migrations"."version" FROM "schema_migrations" ORDER BY "schema_migrations"."version" ASC[0m
  ↳ /home/jae-son/.rbenv/versions/2.5.1/lib/ruby/gems/2.5.0/gems/activerecord-5.2.4.2/lib/active_record/log_subscriber.rb:98
Processing by UsersController#update as */*
  Parameters: {"user"=>{"email"=>"hanksgiving@gmail.com"}, "id"=>"6"}
  [1m[36mUser Load (0.4ms)[0m  [1m[34mSELECT  "users".* FROM "users" WHERE "users"."id" = $1 LIMIT $2[0m  [["id", 6], ["LIMIT", 1]]
  ↳ app/controllers/users_controller.rb:28
  [1m[35m (0.2ms)[0m  [1m[35mBEGIN[0m
  ↳ app/controllers/users_controller.rb:30
  [1m[35m (0.2ms)[0m  [1m[31mROLLBACK[0m
  ↳ app/controllers/users_controller.rb:30
Completed 500 Internal Server Error in 33ms (ActiveRecord: 5.9ms)



NoMethodError - undefined method `name' for #<User:0x00007fa0ecc08160>:
  app/controllers/users_controller.rb:30:in `update'

Started PATCH "/users/6" for ::1 at 2020-04-22 17:52:19 -0400
Processing by UsersController#update as */*
  Parameters: {"user"=>{"email"=>"hanksgiving@gmail.com"}, "id"=>"6"}
  [1m[36mUser Load (0.3ms)[0m  [1m[34mSELECT  "users".* FROM "users" WHERE "users"."id" = $1 LIMIT $2[0m  [["id", 6], ["LIMIT", 1]]
  ↳ app/controllers/users_controller.rb:28
  [1m[35m (0.3ms)[0m  [1m[35mBEGIN[0m
  ↳ app/controllers/users_controller.rb:30
  [1m[35m (0.3ms)[0m  [1m[31mROLLBACK[0m
  ↳ app/controllers/users_controller.rb:30
Completed 500 Internal Server Error in 21ms (ActiveRecord: 5.0ms)



NoMethodError - undefined method `name' for #<User:0x00007fa0f022dbc8>:
  app/controllers/users_controller.rb:30:in `update'

Started PATCH "/users/6" for ::1 at 2020-04-22 18:02:25 -0400
Processing by UsersController#update as */*
  Parameters: {"user"=>{"email"=>"hanksgiving@gmail.com"}, "id"=>"6"}
  [1m[36mUser Load (0.6ms)[0m  [1m[34mSELECT  "users".* FROM "users" WHERE "users"."id" = $1 LIMIT $2[0m  [["id", 6], ["LIMIT", 1]]
  ↳ app/controllers/users_controller.rb:28
  [1m[35m (0.3ms)[0m  [1m[35mBEGIN[0m
  ↳ app/controllers/users_controller.rb:30
  [1m[35m (0.2ms)[0m  [1m[31mROLLBACK[0m
  ↳ app/controllers/users_controller.rb:30
Completed 500 Internal Server Error in 12ms (ActiveRecord: 1.3ms)



NoMethodError - undefined method `name' for #<User:0x00007fa0e4048e68>:
  app/controllers/users_controller.rb:30:in `update'

